2025-06-24 11:40:13,592 - utils.trade_tracer - INFO - Initialized TradeTracer. JSONL traces in: logs\trade_traces\trade_traces.jsonl. Text logs in: logs\trade_tracer.log
2025-06-24 11:40:13,604 - utils.trade_tracer - INFO - Initialized TradeTracer. JSONL traces in: logs\trade_traces\trade_traces.jsonl. Text logs in: logs\trade_tracer.log
2025-06-24 11:40:13,604 - utils.trade_tracer - INFO - Initialized TradeTracer. JSONL traces in: logs\trade_traces\trade_traces.jsonl. Text logs in: logs\trade_tracer.log
2025-06-24 11:40:23,503 - utils.trade_tracer - DEBUG - Trace event 'TRADE_OPENED' written for trade TRADE_00000
2025-06-24 11:40:23,503 - utils.trade_tracer - DEBUG - Trace event 'TRADE_OPENED' written for trade TRADE_00000
2025-06-24 11:40:23,504 - utils.trade_tracer - INFO - Trade opened: TRADE_00000 - LONG 0.001000 BINANCEFTS_PERP_BTC_USDT @ 51842.28
2025-06-24 11:40:23,504 - utils.trade_tracer - INFO - Trade opened: TRADE_00000 - LONG 0.001000 BINANCEFTS_PERP_BTC_USDT @ 51842.28
2025-06-24 11:40:31,741 - utils.trade_tracer - DEBUG - Trace event 'TRADE_OPENED' written for trade TRADE_00001
2025-06-24 11:40:31,741 - utils.trade_tracer - DEBUG - Trace event 'TRADE_OPENED' written for trade TRADE_00001
2025-06-24 11:40:31,742 - utils.trade_tracer - INFO - Trade opened: TRADE_00001 - LONG 0.001000 BINANCEFTS_PERP_BTC_USDT @ 51577.62
2025-06-24 11:40:31,742 - utils.trade_tracer - INFO - Trade opened: TRADE_00001 - LONG 0.001000 BINANCEFTS_PERP_BTC_USDT @ 51577.62
2025-06-24 11:40:32,356 - utils.trade_tracer - DEBUG - Trace event 'TRADE_OPENED' written for trade TRADE_00002
2025-06-24 11:40:32,356 - utils.trade_tracer - DEBUG - Trace event 'TRADE_OPENED' written for trade TRADE_00002
2025-06-24 11:40:32,356 - utils.trade_tracer - INFO - Trade opened: TRADE_00002 - LONG 0.001000 BINANCEFTS_PERP_BTC_USDT @ 51889.32
2025-06-24 11:40:32,356 - utils.trade_tracer - INFO - Trade opened: TRADE_00002 - LONG 0.001000 BINANCEFTS_PERP_BTC_USDT @ 51889.32
2025-06-24 11:40:35,859 - utils.trade_tracer - DEBUG - Trace event 'TRADE_OPENED' written for trade TRADE_00003
2025-06-24 11:40:35,859 - utils.trade_tracer - DEBUG - Trace event 'TRADE_OPENED' written for trade TRADE_00003
2025-06-24 11:40:35,859 - utils.trade_tracer - INFO - Trade opened: TRADE_00003 - LONG 0.001000 BINANCEFTS_PERP_BTC_USDT @ 51684.37
2025-06-24 11:40:35,859 - utils.trade_tracer - INFO - Trade opened: TRADE_00003 - LONG 0.001000 BINANCEFTS_PERP_BTC_USDT @ 51684.37
2025-06-24 11:40:36,230 - utils.trade_tracer - DEBUG - Trace event 'TRADE_OPENED' written for trade TRADE_00004
2025-06-24 11:40:36,230 - utils.trade_tracer - DEBUG - Trace event 'TRADE_OPENED' written for trade TRADE_00004
2025-06-24 11:40:36,230 - utils.trade_tracer - INFO - Trade opened: TRADE_00004 - LONG 0.001000 BINANCEFTS_PERP_BTC_USDT @ 52021.41
2025-06-24 11:40:36,230 - utils.trade_tracer - INFO - Trade opened: TRADE_00004 - LONG 0.001000 BINANCEFTS_PERP_BTC_USDT @ 52021.41
2025-06-24 11:40:39,579 - utils.trade_tracer - DEBUG - Trace event 'TRADE_OPENED' written for trade TRADE_00005
2025-06-24 11:40:39,579 - utils.trade_tracer - DEBUG - Trace event 'TRADE_OPENED' written for trade TRADE_00005
2025-06-24 11:40:39,580 - utils.trade_tracer - INFO - Trade opened: TRADE_00005 - LONG 0.001000 BINANCEFTS_PERP_BTC_USDT @ 54076.72
2025-06-24 11:40:39,580 - utils.trade_tracer - INFO - Trade opened: TRADE_00005 - LONG 0.001000 BINANCEFTS_PERP_BTC_USDT @ 54076.72
2025-06-24 11:40:40,001 - utils.trade_tracer - DEBUG - Trace event 'TRADE_OPENED' written for trade TRADE_00006
2025-06-24 11:40:40,001 - utils.trade_tracer - DEBUG - Trace event 'TRADE_OPENED' written for trade TRADE_00006
2025-06-24 11:40:40,001 - utils.trade_tracer - INFO - Trade opened: TRADE_00006 - LONG 0.001000 BINANCEFTS_PERP_BTC_USDT @ 54197.31
2025-06-24 11:40:40,001 - utils.trade_tracer - INFO - Trade opened: TRADE_00006 - LONG 0.001000 BINANCEFTS_PERP_BTC_USDT @ 54197.31
2025-06-24 11:40:42,515 - utils.trade_tracer - DEBUG - Trace event 'TRADE_OPENED' written for trade TRADE_00007
2025-06-24 11:40:42,515 - utils.trade_tracer - DEBUG - Trace event 'TRADE_OPENED' written for trade TRADE_00007
2025-06-24 11:40:42,515 - utils.trade_tracer - INFO - Trade opened: TRADE_00007 - LONG 0.001000 BINANCEFTS_PERP_BTC_USDT @ 55694.85
2025-06-24 11:40:42,515 - utils.trade_tracer - INFO - Trade opened: TRADE_00007 - LONG 0.001000 BINANCEFTS_PERP_BTC_USDT @ 55694.85
2025-06-24 11:40:43,388 - utils.trade_tracer - DEBUG - Trace event 'TRADE_OPENED' written for trade TRADE_00008
2025-06-24 11:40:43,388 - utils.trade_tracer - DEBUG - Trace event 'TRADE_OPENED' written for trade TRADE_00008
2025-06-24 11:40:43,388 - utils.trade_tracer - INFO - Trade opened: TRADE_00008 - LONG 0.001000 BINANCEFTS_PERP_BTC_USDT @ 55763.86
2025-06-24 11:40:43,388 - utils.trade_tracer - INFO - Trade opened: TRADE_00008 - LONG 0.001000 BINANCEFTS_PERP_BTC_USDT @ 55763.86
2025-06-24 11:40:43,702 - utils.trade_tracer - DEBUG - Trace event 'TRADE_OPENED' written for trade TRADE_00009
2025-06-24 11:40:43,702 - utils.trade_tracer - DEBUG - Trace event 'TRADE_OPENED' written for trade TRADE_00009
2025-06-24 11:40:43,702 - utils.trade_tracer - INFO - Trade opened: TRADE_00009 - LONG 0.001000 BINANCEFTS_PERP_BTC_USDT @ 55601.50
2025-06-24 11:40:43,702 - utils.trade_tracer - INFO - Trade opened: TRADE_00009 - LONG 0.001000 BINANCEFTS_PERP_BTC_USDT @ 55601.50
2025-06-24 11:40:43,789 - utils.trade_tracer - DEBUG - Trace event 'TRADE_OPENED' written for trade TRADE_00010
2025-06-24 11:40:43,789 - utils.trade_tracer - DEBUG - Trace event 'TRADE_OPENED' written for trade TRADE_00010
2025-06-24 11:40:43,789 - utils.trade_tracer - INFO - Trade opened: TRADE_00010 - LONG 0.001000 BINANCEFTS_PERP_BTC_USDT @ 55413.94
2025-06-24 11:40:43,789 - utils.trade_tracer - INFO - Trade opened: TRADE_00010 - LONG 0.001000 BINANCEFTS_PERP_BTC_USDT @ 55413.94
2025-06-24 11:40:44,213 - utils.trade_tracer - DEBUG - Trace event 'TRADE_OPENED' written for trade TRADE_00011
2025-06-24 11:40:44,213 - utils.trade_tracer - DEBUG - Trace event 'TRADE_OPENED' written for trade TRADE_00011
2025-06-24 11:40:44,214 - utils.trade_tracer - INFO - Trade opened: TRADE_00011 - LONG 0.001000 BINANCEFTS_PERP_BTC_USDT @ 55450.95
2025-06-24 11:40:44,214 - utils.trade_tracer - INFO - Trade opened: TRADE_00011 - LONG 0.001000 BINANCEFTS_PERP_BTC_USDT @ 55450.95
2025-06-24 11:40:45,396 - utils.trade_tracer - DEBUG - Trace event 'TRADE_OPENED' written for trade TRADE_00012
2025-06-24 11:40:45,396 - utils.trade_tracer - DEBUG - Trace event 'TRADE_OPENED' written for trade TRADE_00012
2025-06-24 11:40:45,397 - utils.trade_tracer - INFO - Trade opened: TRADE_00012 - LONG 0.001000 BINANCEFTS_PERP_BTC_USDT @ 55646.30
2025-06-24 11:40:45,397 - utils.trade_tracer - INFO - Trade opened: TRADE_00012 - LONG 0.001000 BINANCEFTS_PERP_BTC_USDT @ 55646.30
2025-06-24 11:49:37,288 - utils.trade_tracer - INFO - Initialized TradeTracer. JSONL traces in: logs\trade_traces\trade_traces.jsonl. Text logs in: logs\trade_tracer.log
2025-06-24 11:49:38,964 - utils.trade_tracer - DEBUG - Trace event 'TRADE_OPENED' written for trade TRADE_00000
2025-06-24 11:49:38,964 - utils.trade_tracer - INFO - Trade opened: TRADE_00000 - LONG 0.031000 BINANCEFTS_PERP_BTC_USDT @ 42789.90
2025-06-24 11:49:39,001 - utils.trade_tracer - DEBUG - Trace event 'TRADE_OPENED' written for trade TRADE_00001
2025-06-24 11:49:39,001 - utils.trade_tracer - INFO - Trade opened: TRADE_00001 - LONG 0.002000 BINANCEFTS_PERP_BTC_USDT @ 42885.60
2025-06-24 11:49:39,167 - utils.trade_tracer - DEBUG - Trace event 'INVALID_ACTION' written for trade N/A
2025-06-24 11:49:39,167 - utils.trade_tracer - DEBUG - Invalid action logged: Episode 0, Batch 0, Action: BUY_REJECTED - Failed to open long trade (insufficient balance, liquidation risk, or size too small)
2025-06-24 11:49:39,188 - utils.trade_tracer - DEBUG - Trace event 'TRADE_OPENED' written for trade TRADE_00002
2025-06-24 11:49:39,188 - utils.trade_tracer - INFO - Trade opened: TRADE_00002 - LONG 0.002000 BINANCEFTS_PERP_BTC_USDT @ 45256.10
2025-06-24 11:49:39,232 - utils.trade_tracer - DEBUG - Trace event 'TRADE_OPENED' written for trade TRADE_00003
2025-06-24 11:49:39,232 - utils.trade_tracer - INFO - Trade opened: TRADE_00003 - LONG 0.006000 BINANCEFTS_PERP_BTC_USDT @ 45699.50
2025-06-24 11:49:39,273 - utils.trade_tracer - DEBUG - Trace event 'TRADE_OPENED' written for trade TRADE_00004
2025-06-24 11:49:39,273 - utils.trade_tracer - INFO - Trade opened: TRADE_00004 - LONG 0.013000 BINANCEFTS_PERP_BTC_USDT @ 45616.00
2025-06-24 11:49:39,371 - utils.trade_tracer - DEBUG - Trace event 'TRADE_OPENED' written for trade TRADE_00005
2025-06-24 11:49:39,371 - utils.trade_tracer - INFO - Trade opened: TRADE_00005 - LONG 0.001000 BINANCEFTS_PERP_BTC_USDT @ 45161.60
2025-06-24 11:49:39,403 - utils.trade_tracer - DEBUG - Trace event 'TRADE_OPENED' written for trade TRADE_00006
2025-06-24 11:49:39,403 - utils.trade_tracer - INFO - Trade opened: TRADE_00006 - LONG 0.001000 BINANCEFTS_PERP_BTC_USDT @ 44980.00
2025-06-24 11:49:39,419 - utils.trade_tracer - DEBUG - Trace event 'INVALID_ACTION' written for trade N/A
2025-06-24 11:49:39,419 - utils.trade_tracer - DEBUG - Invalid action logged: Episode 0, Batch 0, Action: BUY_REJECTED - Failed to open long trade (insufficient balance, liquidation risk, or size too small)
2025-06-24 11:49:39,436 - utils.trade_tracer - DEBUG - Trace event 'INVALID_ACTION' written for trade N/A
2025-06-24 11:49:39,436 - utils.trade_tracer - DEBUG - Invalid action logged: Episode 0, Batch 0, Action: BUY_REJECTED - Failed to open long trade (insufficient balance, liquidation risk, or size too small)
2025-06-24 11:49:39,447 - utils.trade_tracer - DEBUG - Trace event 'INVALID_ACTION' written for trade N/A
2025-06-24 11:49:39,447 - utils.trade_tracer - DEBUG - Invalid action logged: Episode 0, Batch 0, Action: BUY_REJECTED - Failed to open long trade (insufficient balance, liquidation risk, or size too small)
2025-06-24 11:49:39,484 - utils.trade_tracer - DEBUG - Trace event 'TRADE_OPENED' written for trade TRADE_00007
2025-06-24 11:49:39,484 - utils.trade_tracer - INFO - Trade opened: TRADE_00007 - LONG 0.001000 BINANCEFTS_PERP_BTC_USDT @ 45312.80
2025-06-24 11:49:39,537 - utils.trade_tracer - DEBUG - Trace event 'INVALID_ACTION' written for trade N/A
2025-06-24 11:49:39,537 - utils.trade_tracer - DEBUG - Invalid action logged: Episode 0, Batch 0, Action: BUY_REJECTED - Failed to open long trade (insufficient balance, liquidation risk, or size too small)
2025-06-24 11:49:39,570 - utils.trade_tracer - DEBUG - Trace event 'INVALID_ACTION' written for trade N/A
2025-06-24 11:49:39,570 - utils.trade_tracer - DEBUG - Invalid action logged: Episode 0, Batch 0, Action: BUY_REJECTED - Failed to open long trade (insufficient balance, liquidation risk, or size too small)
2025-06-24 11:49:39,599 - utils.trade_tracer - DEBUG - Trace event 'INVALID_ACTION' written for trade N/A
2025-06-24 11:49:39,599 - utils.trade_tracer - DEBUG - Invalid action logged: Episode 0, Batch 0, Action: BUY_REJECTED - Failed to open long trade (insufficient balance, liquidation risk, or size too small)
2025-06-24 11:49:39,642 - utils.trade_tracer - DEBUG - Trace event 'INVALID_ACTION' written for trade N/A
2025-06-24 11:49:39,642 - utils.trade_tracer - DEBUG - Invalid action logged: Episode 0, Batch 0, Action: BUY_REJECTED - Failed to open long trade (insufficient balance, liquidation risk, or size too small)
2025-06-24 11:49:39,659 - utils.trade_tracer - DEBUG - Trace event 'TRADE_OPENED' written for trade TRADE_00008
2025-06-24 11:49:39,660 - utils.trade_tracer - INFO - Trade opened: TRADE_00008 - LONG 0.002000 BINANCEFTS_PERP_BTC_USDT @ 43016.20
2025-06-24 11:49:39,720 - utils.trade_tracer - DEBUG - Trace event 'INVALID_ACTION' written for trade N/A
2025-06-24 11:49:39,720 - utils.trade_tracer - DEBUG - Invalid action logged: Episode 0, Batch 0, Action: BUY_REJECTED - Failed to open long trade (insufficient balance, liquidation risk, or size too small)
2025-06-24 11:49:39,785 - utils.trade_tracer - DEBUG - Trace event 'INVALID_ACTION' written for trade N/A
2025-06-24 11:49:39,785 - utils.trade_tracer - DEBUG - Invalid action logged: Episode 0, Batch 0, Action: BUY_REJECTED - Failed to open long trade (insufficient balance, liquidation risk, or size too small)
2025-06-24 11:49:39,860 - utils.trade_tracer - DEBUG - Trace event 'INVALID_ACTION' written for trade N/A
2025-06-24 11:49:39,860 - utils.trade_tracer - DEBUG - Invalid action logged: Episode 0, Batch 0, Action: BUY_REJECTED - Failed to open long trade (insufficient balance, liquidation risk, or size too small)
2025-06-24 11:49:39,993 - utils.trade_tracer - DEBUG - Trace event 'INVALID_ACTION' written for trade N/A
2025-06-24 11:49:39,993 - utils.trade_tracer - DEBUG - Invalid action logged: Episode 0, Batch 0, Action: BUY_REJECTED - Failed to open long trade (insufficient balance, liquidation risk, or size too small)
2025-06-24 11:49:40,133 - utils.trade_tracer - DEBUG - Trace event 'INVALID_ACTION' written for trade N/A
2025-06-24 11:49:40,133 - utils.trade_tracer - DEBUG - Invalid action logged: Episode 0, Batch 0, Action: BUY_REJECTED - Failed to open long trade (insufficient balance, liquidation risk, or size too small)
2025-06-24 11:49:40,190 - utils.trade_tracer - DEBUG - Trace event 'INVALID_ACTION' written for trade N/A
2025-06-24 11:49:40,190 - utils.trade_tracer - DEBUG - Invalid action logged: Episode 0, Batch 0, Action: BUY_REJECTED - Failed to open long trade (insufficient balance, liquidation risk, or size too small)
2025-06-24 11:49:40,296 - utils.trade_tracer - DEBUG - Trace event 'INVALID_ACTION' written for trade N/A
2025-06-24 11:49:40,296 - utils.trade_tracer - DEBUG - Invalid action logged: Episode 0, Batch 0, Action: BUY_REJECTED - Failed to open long trade (insufficient balance, liquidation risk, or size too small)
2025-06-24 11:49:40,312 - utils.trade_tracer - DEBUG - Trace event 'INVALID_ACTION' written for trade N/A
2025-06-24 11:49:40,312 - utils.trade_tracer - DEBUG - Invalid action logged: Episode 0, Batch 0, Action: BUY_REJECTED - Failed to open long trade (insufficient balance, liquidation risk, or size too small)
2025-06-24 11:49:40,321 - utils.trade_tracer - DEBUG - Trace event 'INVALID_ACTION' written for trade N/A
2025-06-24 11:49:40,321 - utils.trade_tracer - DEBUG - Invalid action logged: Episode 0, Batch 0, Action: BUY_REJECTED - Failed to open long trade (insufficient balance, liquidation risk, or size too small)
2025-06-24 11:49:40,342 - utils.trade_tracer - DEBUG - Trace event 'INVALID_ACTION' written for trade N/A
2025-06-24 11:49:40,342 - utils.trade_tracer - DEBUG - Invalid action logged: Episode 0, Batch 0, Action: BUY_REJECTED - Failed to open long trade (insufficient balance, liquidation risk, or size too small)
2025-06-24 11:49:40,354 - utils.trade_tracer - DEBUG - Trace event 'INVALID_ACTION' written for trade N/A
2025-06-24 11:49:40,354 - utils.trade_tracer - DEBUG - Invalid action logged: Episode 0, Batch 0, Action: BUY_REJECTED - Failed to open long trade (insufficient balance, liquidation risk, or size too small)
